docheck.c:
#include <math.h>
int main(int argc, char **argv) {
return (int) pow(2.0, log(sqrt((double)argc)));
return 0; }
gcc -O2 -g -Wmissing-prototypes -Wall -o docheck docheck.c
/tmp/ccXvJsF5.o: In function `main':
/home/miros/cvs/chrony/RELEASES/chrony-1.29/docheck.c:3: undefined reference to `log'
/home/miros/cvs/chrony/RELEASES/chrony-1.29/docheck.c:3: undefined reference to `pow'
/home/miros/cvs/chrony/RELEASES/chrony-1.29/docheck.c:3: undefined reference to `sqrt'
collect2: error: ld returned 1 exit status

docheck.c:
#include <math.h>
int main(int argc, char **argv) {
return (int) pow(2.0, log(sqrt((double)argc)));
return 0; }
gcc -O2 -g -Wmissing-prototypes -Wall -o docheck docheck.c -lm

docheck.c:
#include <stdint.h>
int main(int argc, char **argv) {

return 0; }
gcc -O2 -g -Wmissing-prototypes -Wall -o docheck docheck.c

docheck.c:
#include <inttypes.h>
int main(int argc, char **argv) {

return 0; }
gcc -O2 -g -Wmissing-prototypes -Wall -o docheck docheck.c

docheck.c:
#include <arpa/inet.h>
#include <sys/socket.h>
#include <netinet/in.h>
int main(int argc, char **argv) {

    struct sockaddr_in6 n;
    char p[100];
    n.sin6_addr = in6addr_any;
    return !inet_ntop(AF_INET6, &n.sin6_addr.s6_addr, p, sizeof(p));
return 0; }
gcc -O2 -g -Wmissing-prototypes -Wall -o docheck docheck.c

docheck.c:
#include <sys/socket.h>
#include <netinet/in.h>
int main(int argc, char **argv) {

    return sizeof(struct in6_pktinfo);
return 0; }
gcc -O2 -g -Wmissing-prototypes -Wall -o docheck docheck.c
docheck.c: In function 'main':
docheck.c:5:19: error: invalid application of 'sizeof' to incomplete type 'struct in6_pktinfo'
     return sizeof(struct in6_pktinfo);
                   ^

docheck.c:
#include <sys/socket.h>
#include <netinet/in.h>
int main(int argc, char **argv) {
return sizeof(struct in6_pktinfo);
return 0; }
gcc -O2 -g -Wmissing-prototypes -Wall -D_GNU_SOURCE -o docheck docheck.c

docheck.c:
#include <sys/timepps.h>
int main(int argc, char **argv) {

return 0; }
gcc -O2 -g -Wmissing-prototypes -Wall -o docheck docheck.c

docheck.c:
#include <string.h>
#include <sys/timepps.h>
int main(int argc, char **argv) {

    pps_handle_t h;
    pps_info_t i;
    struct timespec ts;
    return time_pps_fetch(h, PPS_TSFMT_TSPEC, &i, &ts);
return 0; }
gcc -O2 -g -Wmissing-prototypes -Wall -o docheck docheck.c
docheck.c: In function 'main':
docheck.c:8:5: warning: 'h' is used uninitialized in this function [-Wuninitialized]
     return time_pps_fetch(h, PPS_TSFMT_TSPEC, &i, &ts);
     ^

docheck.c:
#include <sys/types.h>
#include <pwd.h>
#include <sys/prctl.h>
#include <sys/capability.h>
#include <grp.h>
int main(int argc, char **argv) {
prctl(PR_SET_KEEPCAPS, 1);cap_set_proc(cap_from_text("cap_sys_time=ep"));
return 0; }
gcc -O2 -g -Wmissing-prototypes -Wall -o docheck docheck.c -lcap

docheck.c:
#include <sys/ioctl.h>
#include <linux/rtc.h>
int main(int argc, char **argv) {
ioctl(1, RTC_UIE_ON&RTC_UIE_OFF&RTC_RD_TIME&RTC_SET_TIME, 0&RTC_UF);
return 0; }
gcc -O2 -g -Wmissing-prototypes -Wall -o docheck docheck.c

docheck.c:
#include <sched.h>
int main(int argc, char **argv) {

     struct sched_param sched;
     sched_get_priority_max(SCHED_FIFO);
     sched_setscheduler(0, SCHED_FIFO, &sched);
return 0; }
gcc -O2 -g -Wmissing-prototypes -Wall -o docheck docheck.c

docheck.c:
#include <sys/mman.h>
#include <sys/resource.h>
int main(int argc, char **argv) {

     struct rlimit rlim;
     setrlimit(RLIMIT_MEMLOCK, &rlim);
     mlockall(MCL_CURRENT|MCL_FUTURE);
return 0; }
gcc -O2 -g -Wmissing-prototypes -Wall -o docheck docheck.c

docheck.c:
#include <stdio.h>
#include <editline/readline.h>
int main(int argc, char **argv) {
add_history(readline("prompt"));
return 0; }
gcc -O2 -g -Wmissing-prototypes -Wall -o docheck docheck.c -ledit

docheck.c:
#include <nss.h>
#include <hasht.h>
#include <nsslowhash.h>
int main(int argc, char **argv) {
NSSLOWHASH_Begin(NSSLOWHASH_NewContext(NSSLOW_Init(), HASH_AlgSHA512));
return 0; }
gcc -O2 -g -Wmissing-prototypes -Wall -I/usr/include/nss3 -I/usr/include/nspr4 -o docheck docheck.c -lfreebl3

